{"contracts/NftMarketplace.sol":{"l":{"62":5,"63":5,"64":1,"66":4,"69":4,"70":4,"71":1,"73":3,"81":5,"82":5,"83":5,"84":0,"86":5,"98":4,"99":0,"105":4,"106":4,"107":0,"110":4,"112":4,"119":3,"120":3,"121":0,"128":3,"132":3,"134":3,"139":3,"153":0,"154":0,"167":0,"168":0,"172":1,"173":1,"174":0,"177":1,"178":1,"179":1,"180":0,"188":5,"192":3},"path":"/home/xly/web3/hh-fc/hardhat-nft-marketplace-fcc/contracts/NftMarketplace.sol","s":{"1":5,"2":5,"3":4,"4":4,"5":5,"6":5,"7":5,"8":4,"9":4,"10":4,"11":4,"12":3,"13":3,"14":3,"15":3,"16":0,"17":0,"18":1,"19":1,"20":1,"21":1,"22":5,"23":3},"b":{"1":[1,4],"2":[1,3],"3":[0,5],"4":[4,1],"5":[4,0],"6":[0,4],"7":[0,4],"8":[3,0],"9":[3,0],"10":[0,3],"11":[0,0],"12":[0,0],"13":[1,0],"14":[1,0],"15":[0,1],"16":[0,1],"17":[0,1]},"f":{"1":5,"2":4,"3":5,"4":4,"5":3,"6":0,"7":0,"8":1,"9":5,"10":3},"fnMap":{"1":{"name":"notListed","line":57,"loc":{"start":{"line":57,"column":4},"end":{"line":67,"column":4}}},"2":{"name":"isListed","line":68,"loc":{"start":{"line":68,"column":4},"end":{"line":74,"column":4}}},"3":{"name":"isOwner","line":76,"loc":{"start":{"line":76,"column":4},"end":{"line":87,"column":4}}},"4":{"name":"listItem","line":96,"loc":{"start":{"line":89,"column":4},"end":{"line":113,"column":4}}},"5":{"name":"buyItem","line":118,"loc":{"start":{"line":115,"column":4},"end":{"line":143,"column":4}}},"6":{"name":"cancelListing","line":151,"loc":{"start":{"line":145,"column":4},"end":{"line":155,"column":4}}},"7":{"name":"updateListing","line":165,"loc":{"start":{"line":157,"column":4},"end":{"line":169,"column":4}}},"8":{"name":"withdrawProceeds","line":171,"loc":{"start":{"line":171,"column":4},"end":{"line":182,"column":4}}},"9":{"name":"getListing","line":184,"loc":{"start":{"line":184,"column":4},"end":{"line":189,"column":4}}},"10":{"name":"getProceeds","line":191,"loc":{"start":{"line":191,"column":4},"end":{"line":193,"column":4}}}},"statementMap":{"1":{"start":{"line":62,"column":8},"end":{"line":62,"column":64}},"2":{"start":{"line":63,"column":8},"end":{"line":63,"column":1711}},"3":{"start":{"line":69,"column":8},"end":{"line":69,"column":64}},"4":{"start":{"line":70,"column":8},"end":{"line":70,"column":1969}},"5":{"start":{"line":81,"column":8},"end":{"line":81,"column":41}},"6":{"start":{"line":82,"column":8},"end":{"line":82,"column":44}},"7":{"start":{"line":83,"column":8},"end":{"line":83,"column":2294}},"8":{"start":{"line":98,"column":8},"end":{"line":98,"column":2628}},"9":{"start":{"line":105,"column":8},"end":{"line":105,"column":41}},"10":{"start":{"line":106,"column":8},"end":{"line":106,"column":3005}},"11":{"start":{"line":112,"column":8},"end":{"line":112,"column":63}},"12":{"start":{"line":119,"column":8},"end":{"line":119,"column":67}},"13":{"start":{"line":120,"column":8},"end":{"line":120,"column":3581}},"14":{"start":{"line":134,"column":8},"end":{"line":134,"column":4117}},"15":{"start":{"line":139,"column":8},"end":{"line":139,"column":74}},"16":{"start":{"line":154,"column":8},"end":{"line":154,"column":58}},"17":{"start":{"line":168,"column":8},"end":{"line":168,"column":66}},"18":{"start":{"line":172,"column":8},"end":{"line":172,"column":49}},"19":{"start":{"line":173,"column":8},"end":{"line":173,"column":5257}},"20":{"start":{"line":178,"column":8},"end":{"line":178,"column":72}},"21":{"start":{"line":179,"column":8},"end":{"line":179,"column":5494}},"22":{"start":{"line":188,"column":8},"end":{"line":188,"column":46}},"23":{"start":{"line":192,"column":8},"end":{"line":192,"column":33}}},"branchMap":{"1":{"line":63,"type":"if","locations":[{"start":{"line":63,"column":8},"end":{"line":63,"column":8}},{"start":{"line":63,"column":8},"end":{"line":63,"column":8}}]},"2":{"line":70,"type":"if","locations":[{"start":{"line":70,"column":8},"end":{"line":70,"column":8}},{"start":{"line":70,"column":8},"end":{"line":70,"column":8}}]},"3":{"line":83,"type":"if","locations":[{"start":{"line":83,"column":8},"end":{"line":83,"column":8}},{"start":{"line":83,"column":8},"end":{"line":83,"column":8}}]},"4":{"line":95,"type":"if","locations":[{"start":{"line":95,"column":8},"end":{"line":95,"column":8}},{"start":{"line":95,"column":8},"end":{"line":95,"column":8}}]},"5":{"line":96,"type":"if","locations":[{"start":{"line":96,"column":8},"end":{"line":96,"column":8}},{"start":{"line":96,"column":8},"end":{"line":96,"column":8}}]},"6":{"line":98,"type":"if","locations":[{"start":{"line":98,"column":8},"end":{"line":98,"column":8}},{"start":{"line":98,"column":8},"end":{"line":98,"column":8}}]},"7":{"line":106,"type":"if","locations":[{"start":{"line":106,"column":8},"end":{"line":106,"column":8}},{"start":{"line":106,"column":8},"end":{"line":106,"column":8}}]},"8":{"line":118,"type":"if","locations":[{"start":{"line":118,"column":23},"end":{"line":118,"column":23}},{"start":{"line":118,"column":23},"end":{"line":118,"column":23}}]},"9":{"line":118,"type":"if","locations":[{"start":{"line":118,"column":53},"end":{"line":118,"column":53}},{"start":{"line":118,"column":53},"end":{"line":118,"column":53}}]},"10":{"line":120,"type":"if","locations":[{"start":{"line":120,"column":8},"end":{"line":120,"column":8}},{"start":{"line":120,"column":8},"end":{"line":120,"column":8}}]},"11":{"line":150,"type":"if","locations":[{"start":{"line":150,"column":8},"end":{"line":150,"column":8}},{"start":{"line":150,"column":8},"end":{"line":150,"column":8}}]},"12":{"line":151,"type":"if","locations":[{"start":{"line":151,"column":8},"end":{"line":151,"column":8}},{"start":{"line":151,"column":8},"end":{"line":151,"column":8}}]},"13":{"line":163,"type":"if","locations":[{"start":{"line":163,"column":8},"end":{"line":163,"column":8}},{"start":{"line":163,"column":8},"end":{"line":163,"column":8}}]},"14":{"line":164,"type":"if","locations":[{"start":{"line":164,"column":8},"end":{"line":164,"column":8}},{"start":{"line":164,"column":8},"end":{"line":164,"column":8}}]},"15":{"line":165,"type":"if","locations":[{"start":{"line":165,"column":8},"end":{"line":165,"column":8}},{"start":{"line":165,"column":8},"end":{"line":165,"column":8}}]},"16":{"line":173,"type":"if","locations":[{"start":{"line":173,"column":8},"end":{"line":173,"column":8}},{"start":{"line":173,"column":8},"end":{"line":173,"column":8}}]},"17":{"line":179,"type":"if","locations":[{"start":{"line":179,"column":8},"end":{"line":179,"column":8}},{"start":{"line":179,"column":8},"end":{"line":179,"column":8}}]}}},"contracts/test/BasicNft.sol":{"l":{"14":3,"18":5,"19":5,"20":5,"26":0,"30":0,"34":0},"path":"/home/xly/web3/hh-fc/hardhat-nft-marketplace-fcc/contracts/test/BasicNft.sol","s":{"1":5,"2":5,"3":0,"4":0,"5":0},"b":{"1":[0,0]},"f":{"1":3,"2":5,"3":0,"4":0},"fnMap":{"1":{"name":"constructor","line":13,"loc":{"start":{"line":13,"column":4},"end":{"line":15,"column":4}}},"2":{"name":"mintNft","line":17,"loc":{"start":{"line":17,"column":4},"end":{"line":21,"column":4}}},"3":{"name":"tokenURI","line":23,"loc":{"start":{"line":23,"column":4},"end":{"line":31,"column":4}}},"4":{"name":"getTokenCounter","line":33,"loc":{"start":{"line":33,"column":4},"end":{"line":35,"column":4}}}},"statementMap":{"1":{"start":{"line":18,"column":8},"end":{"line":18,"column":44}},"2":{"start":{"line":19,"column":8},"end":{"line":19,"column":38}},"3":{"start":{"line":26,"column":8},"end":{"line":26,"column":734}},"4":{"start":{"line":30,"column":8},"end":{"line":30,"column":24}},"5":{"start":{"line":34,"column":8},"end":{"line":34,"column":29}}},"branchMap":{"1":{"line":26,"type":"if","locations":[{"start":{"line":26,"column":8},"end":{"line":26,"column":8}},{"start":{"line":26,"column":8},"end":{"line":26,"column":8}}]}}}}