TN:
SF:/home/xly/web3/hh-fc/hardhat-nft-marketplace-fcc/contracts/NftMarketplace.sol
FN:57,notListed
FN:68,isListed
FN:76,isOwner
FN:96,listItem
FN:118,buyItem
FN:151,cancelListing
FN:165,updateListing
FN:171,withdrawProceeds
FN:184,getListing
FN:191,getProceeds
FNF:10
FNH:8
FNDA:5,notListed
FNDA:4,isListed
FNDA:5,isOwner
FNDA:4,listItem
FNDA:3,buyItem
FNDA:0,cancelListing
FNDA:0,updateListing
FNDA:1,withdrawProceeds
FNDA:5,getListing
FNDA:3,getProceeds
DA:62,5
DA:63,5
DA:64,1
DA:66,4
DA:69,4
DA:70,4
DA:71,1
DA:73,3
DA:81,5
DA:82,5
DA:83,5
DA:84,0
DA:86,5
DA:98,4
DA:99,0
DA:105,4
DA:106,4
DA:107,0
DA:110,4
DA:112,4
DA:119,3
DA:120,3
DA:121,0
DA:128,3
DA:132,3
DA:134,3
DA:139,3
DA:153,0
DA:154,0
DA:167,0
DA:168,0
DA:172,1
DA:173,1
DA:174,0
DA:177,1
DA:178,1
DA:179,1
DA:180,0
DA:188,5
DA:192,3
LF:40
LH:30
BRDA:63,1,0,1
BRDA:63,1,1,4
BRDA:70,2,0,1
BRDA:70,2,1,3
BRDA:83,3,0,0
BRDA:83,3,1,5
BRDA:95,4,0,4
BRDA:95,4,1,1
BRDA:96,5,0,4
BRDA:96,5,1,0
BRDA:98,6,0,0
BRDA:98,6,1,4
BRDA:106,7,0,0
BRDA:106,7,1,4
BRDA:118,8,0,3
BRDA:118,8,1,0
BRDA:118,9,0,3
BRDA:118,9,1,0
BRDA:120,10,0,0
BRDA:120,10,1,3
BRDA:150,11,0,0
BRDA:150,11,1,0
BRDA:151,12,0,0
BRDA:151,12,1,0
BRDA:163,13,0,1
BRDA:163,13,1,0
BRDA:164,14,0,1
BRDA:164,14,1,0
BRDA:165,15,0,0
BRDA:165,15,1,1
BRDA:173,16,0,0
BRDA:173,16,1,1
BRDA:179,17,0,0
BRDA:179,17,1,1
BRF:34
BRH:18
end_of_record
TN:
SF:/home/xly/web3/hh-fc/hardhat-nft-marketplace-fcc/contracts/test/BasicNft.sol
FN:13,constructor
FN:17,mintNft
FN:23,tokenURI
FN:33,getTokenCounter
FNF:4
FNH:2
FNDA:3,constructor
FNDA:5,mintNft
FNDA:0,tokenURI
FNDA:0,getTokenCounter
DA:14,3
DA:18,5
DA:19,5
DA:20,5
DA:26,0
DA:30,0
DA:34,0
LF:7
LH:4
BRDA:26,1,0,0
BRDA:26,1,1,0
BRF:2
BRH:0
end_of_record
